mode: set
github.com/71anshuman/go-bookings/cmd/web/middlewares.go:8.45,19.2 3 1
github.com/71anshuman/go-bookings/cmd/web/middlewares.go:21.50,23.2 1 1
github.com/71anshuman/go-bookings/cmd/web/routes.go:12.49,38.2 18 1
github.com/71anshuman/go-bookings/cmd/web/main.go:21.13,23.16 2 0
github.com/71anshuman/go-bookings/cmd/web/main.go:27.2,35.16 4 0
github.com/71anshuman/go-bookings/cmd/web/main.go:23.16,25.3 1 0
github.com/71anshuman/go-bookings/cmd/web/main.go:38.18,53.16 10 1
github.com/71anshuman/go-bookings/cmd/web/main.go:58.2,64.12 5 1
github.com/71anshuman/go-bookings/cmd/web/main.go:53.16,56.3 2 0
