mode: set
github.com/71anshuman/go-bookings/internal/handlers/handlers.go:29.62,34.2 1 0
github.com/71anshuman/go-bookings/internal/handlers/handlers.go:36.51,41.2 1 1
github.com/71anshuman/go-bookings/internal/handlers/handlers.go:43.32,45.2 1 1
github.com/71anshuman/go-bookings/internal/handlers/handlers.go:47.67,49.2 1 1
github.com/71anshuman/go-bookings/internal/handlers/handlers.go:51.74,53.9 2 1
github.com/71anshuman/go-bookings/internal/handlers/handlers.go:59.2,60.16 2 1
github.com/71anshuman/go-bookings/internal/handlers/handlers.go:66.2,85.4 11 1
github.com/71anshuman/go-bookings/internal/handlers/handlers.go:53.9,57.3 3 1
github.com/71anshuman/go-bookings/internal/handlers/handlers.go:60.16,64.3 3 1
github.com/71anshuman/go-bookings/internal/handlers/handlers.go:88.78,91.9 2 1
github.com/71anshuman/go-bookings/internal/handlers/handlers.go:97.2,99.16 2 1
github.com/71anshuman/go-bookings/internal/handlers/handlers.go:105.2,116.19 9 1
github.com/71anshuman/go-bookings/internal/handlers/handlers.go:127.2,128.16 2 1
github.com/71anshuman/go-bookings/internal/handlers/handlers.go:134.2,143.16 3 1
github.com/71anshuman/go-bookings/internal/handlers/handlers.go:149.2,151.66 2 1
github.com/71anshuman/go-bookings/internal/handlers/handlers.go:91.9,95.3 3 1
github.com/71anshuman/go-bookings/internal/handlers/handlers.go:99.16,103.3 3 1
github.com/71anshuman/go-bookings/internal/handlers/handlers.go:116.19,125.3 4 1
github.com/71anshuman/go-bookings/internal/handlers/handlers.go:128.16,132.3 3 1
github.com/71anshuman/go-bookings/internal/handlers/handlers.go:143.16,147.3 3 1
github.com/71anshuman/go-bookings/internal/handlers/handlers.go:154.72,157.16 2 0
github.com/71anshuman/go-bookings/internal/handlers/handlers.go:162.2,164.66 2 0
github.com/71anshuman/go-bookings/internal/handlers/handlers.go:157.16,160.3 2 0
github.com/71anshuman/go-bookings/internal/handlers/handlers.go:167.71,169.2 1 1
github.com/71anshuman/go-bookings/internal/handlers/handlers.go:171.69,173.2 1 1
github.com/71anshuman/go-bookings/internal/handlers/handlers.go:175.75,177.2 1 1
github.com/71anshuman/go-bookings/internal/handlers/handlers.go:179.79,186.16 5 0
github.com/71anshuman/go-bookings/internal/handlers/handlers.go:190.2,191.16 2 0
github.com/71anshuman/go-bookings/internal/handlers/handlers.go:195.2,196.16 2 0
github.com/71anshuman/go-bookings/internal/handlers/handlers.go:201.2,201.29 1 0
github.com/71anshuman/go-bookings/internal/handlers/handlers.go:205.2,205.21 1 0
github.com/71anshuman/go-bookings/internal/handlers/handlers.go:210.2,222.4 5 0
github.com/71anshuman/go-bookings/internal/handlers/handlers.go:186.16,188.3 1 0
github.com/71anshuman/go-bookings/internal/handlers/handlers.go:191.16,193.3 1 0
github.com/71anshuman/go-bookings/internal/handlers/handlers.go:196.16,199.3 2 0
github.com/71anshuman/go-bookings/internal/handlers/handlers.go:201.29,203.3 1 0
github.com/71anshuman/go-bookings/internal/handlers/handlers.go:205.21,208.3 2 0
github.com/71anshuman/go-bookings/internal/handlers/handlers.go:233.79,256.16 11 0
github.com/71anshuman/go-bookings/internal/handlers/handlers.go:261.2,262.14 2 0
github.com/71anshuman/go-bookings/internal/handlers/handlers.go:256.16,259.3 2 0
github.com/71anshuman/go-bookings/internal/handlers/handlers.go:265.81,268.9 2 0
github.com/71anshuman/go-bookings/internal/handlers/handlers.go:275.2,291.4 9 0
github.com/71anshuman/go-bookings/internal/handlers/handlers.go:268.9,273.3 4 0
github.com/71anshuman/go-bookings/internal/handlers/handlers.go:294.70,296.2 1 1
github.com/71anshuman/go-bookings/internal/handlers/handlers.go:298.68,300.2 1 1
github.com/71anshuman/go-bookings/internal/handlers/handlers.go:302.73,305.16 2 0
github.com/71anshuman/go-bookings/internal/handlers/handlers.go:310.2,311.9 2 0
github.com/71anshuman/go-bookings/internal/handlers/handlers.go:316.2,320.64 3 0
github.com/71anshuman/go-bookings/internal/handlers/handlers.go:305.16,308.3 2 0
github.com/71anshuman/go-bookings/internal/handlers/handlers.go:311.9,314.3 2 0
github.com/71anshuman/go-bookings/internal/handlers/handlers.go:323.71,338.16 10 0
github.com/71anshuman/go-bookings/internal/handlers/handlers.go:343.2,350.64 6 0
github.com/71anshuman/go-bookings/internal/handlers/handlers.go:338.16,341.3 2 0
